<?xml version="1.0" encoding="UTF-8"?>
<!-- Generated by org.testng.reporters.JUnitReportReporter -->
<testsuite hostname="ts_ftrako_NTB" failures="0" tests="1" name="tests.SmokeTest" time="8.024" errors="0" timestamp="2025-05-11T22:06:38 CEST" skipped="0">
  <testcase classname="tests.SmokeTest" name="testValidLogin" time="8.024"/>
</testsuite> <!-- tests.SmokeTest -->
